0 info it worked if it ends with ok
1 verbose cli [ 'node', '/usr/local/bin/npm', 'install', 'mocha', '-g' ]
2 info using npm@1.4.28
3 info using node@v0.10.36
4 verbose cache add [ 'mocha', null ]
5 verbose cache add name=undefined spec="mocha" args=["mocha",null]
6 verbose parsed url { protocol: null,
6 verbose parsed url   slashes: null,
6 verbose parsed url   auth: null,
6 verbose parsed url   host: null,
6 verbose parsed url   port: null,
6 verbose parsed url   hostname: null,
6 verbose parsed url   hash: null,
6 verbose parsed url   search: null,
6 verbose parsed url   query: null,
6 verbose parsed url   pathname: 'mocha',
6 verbose parsed url   path: 'mocha',
6 verbose parsed url   href: 'mocha' }
7 silly lockFile a619da43-mocha mocha
8 verbose lock mocha /Users/knitintenali/.npm/a619da43-mocha.lock
9 silly lockFile a619da43-mocha mocha
10 silly lockFile a619da43-mocha mocha
11 verbose addNamed [ 'mocha', '' ]
12 verbose addNamed [ null, '*' ]
13 silly lockFile b9899f31-mocha mocha@
14 verbose lock mocha@ /Users/knitintenali/.npm/b9899f31-mocha.lock
15 silly addNameRange { name: 'mocha', range: '*', hasData: false }
16 verbose request where is /mocha
17 verbose request registry https://registry.npmjs.org/
18 verbose request id 2190dac44c6eb5c8
19 verbose url raw /mocha
20 verbose url resolving [ 'https://registry.npmjs.org/', './mocha' ]
21 verbose url resolved https://registry.npmjs.org/mocha
22 verbose request where is https://registry.npmjs.org/mocha
23 info trying registry request attempt 1 at 15:42:24
24 verbose etag "6OMM81ZFZ2T7C34UGKPGDDBCQ"
25 http GET https://registry.npmjs.org/mocha
26 http 304 https://registry.npmjs.org/mocha
27 silly registry.get cb [ 304,
27 silly registry.get   { date: 'Mon, 12 Oct 2015 22:40:43 GMT',
27 silly registry.get     via: '1.1 varnish',
27 silly registry.get     'cache-control': 'max-age=60',
27 silly registry.get     etag: '"6OMM81ZFZ2T7C34UGKPGDDBCQ"',
27 silly registry.get     age: '17',
27 silly registry.get     connection: 'keep-alive',
27 silly registry.get     'x-served-by': 'cache-dfw1821-DFW',
27 silly registry.get     'x-cache': 'HIT',
27 silly registry.get     'x-cache-hits': '1',
27 silly registry.get     'x-timer': 'S1444689643.662499,VS0,VE1',
27 silly registry.get     vary: 'Accept' } ]
28 verbose etag https://registry.npmjs.org/mocha from cache
29 silly addNameRange number 2 { name: 'mocha', range: '*', hasData: true }
30 silly addNameRange versions [ 'mocha',
30 silly addNameRange   [ '0.0.1-alpha1',
30 silly addNameRange     '0.0.1-alpha2',
30 silly addNameRange     '0.0.1-alpha3',
30 silly addNameRange     '0.0.1-alpha4',
30 silly addNameRange     '0.0.1-alpha5',
30 silly addNameRange     '0.0.1-alpha6',
30 silly addNameRange     '0.0.1',
30 silly addNameRange     '0.0.2',
30 silly addNameRange     '0.0.3',
30 silly addNameRange     '0.0.4',
30 silly addNameRange     '0.0.5',
30 silly addNameRange     '0.0.6',
30 silly addNameRange     '0.0.7',
30 silly addNameRange     '0.0.8',
30 silly addNameRange     '0.1.0',
30 silly addNameRange     '0.2.0',
30 silly addNameRange     '0.3.0',
30 silly addNameRange     '0.3.1',
30 silly addNameRange     '0.3.2',
30 silly addNameRange     '0.3.3',
30 silly addNameRange     '0.3.4',
30 silly addNameRange     '0.3.6',
30 silly addNameRange     '0.4.0',
30 silly addNameRange     '0.5.0',
30 silly addNameRange     '0.6.0',
30 silly addNameRange     '0.7.0',
30 silly addNameRange     '0.7.1',
30 silly addNameRange     '0.8.0',
30 silly addNameRange     '0.8.1',
30 silly addNameRange     '0.9.0',
30 silly addNameRange     '0.10.0',
30 silly addNameRange     '0.10.1',
30 silly addNameRange     '0.10.2',
30 silly addNameRange     '0.11.0',
30 silly addNameRange     '0.12.0',
30 silly addNameRange     '0.12.1',
30 silly addNameRange     '0.13.0',
30 silly addNameRange     '0.14.0',
30 silly addNameRange     '0.14.1',
30 silly addNameRange     '1.0.0',
30 silly addNameRange     '1.0.1',
30 silly addNameRange     '1.0.2',
30 silly addNameRange     '1.0.3',
30 silly addNameRange     '1.1.0',
30 silly addNameRange     '1.2.0',
30 silly addNameRange     '1.2.1',
30 silly addNameRange     '1.2.2',
30 silly addNameRange     '1.3.0',
30 silly addNameRange     '1.3.1',
30 silly addNameRange     '1.3.2',
30 silly addNameRange     '1.4.0',
30 silly addNameRange     '1.4.1',
30 silly addNameRange     '1.4.2',
30 silly addNameRange     '1.4.3',
30 silly addNameRange     '1.5.0',
30 silly addNameRange     '1.6.0',
30 silly addNameRange     '1.7.0',
30 silly addNameRange     '1.7.1',
30 silly addNameRange     '1.7.2',
30 silly addNameRange     '1.7.3',
30 silly addNameRange     '1.7.4',
30 silly addNameRange     '1.8.0',
30 silly addNameRange     '1.8.1',
30 silly addNameRange     '1.8.2',
30 silly addNameRange     '1.9.0',
30 silly addNameRange     '1.10.0',
30 silly addNameRange     '1.11.0',
30 silly addNameRange     '1.12.0',
30 silly addNameRange     '1.12.1',
30 silly addNameRange     '1.13.0',
30 silly addNameRange     '1.14.0',
30 silly addNameRange     '1.15.0',
30 silly addNameRange     '1.15.1',
30 silly addNameRange     '1.16.0',
30 silly addNameRange     '1.16.1',
30 silly addNameRange     '1.16.2',
30 silly addNameRange     '1.17.0',
30 silly addNameRange     '1.17.1',
30 silly addNameRange     '1.18.0',
30 silly addNameRange     '1.18.1',
30 silly addNameRange     '1.18.2',
30 silly addNameRange     '1.19.0',
30 silly addNameRange     '1.20.0',
30 silly addNameRange     '1.20.1',
30 silly addNameRange     '1.21.0',
30 silly addNameRange     '1.21.1',
30 silly addNameRange     '1.21.2',
30 silly addNameRange     '1.21.3',
30 silly addNameRange     '1.21.4',
30 silly addNameRange     '1.21.5',
30 silly addNameRange     '2.0.0',
30 silly addNameRange     '2.0.1',
30 silly addNameRange     '2.1.0',
30 silly addNameRange     '2.2.0',
30 silly addNameRange     '2.2.1',
30 silly addNameRange     '2.2.3',
30 silly addNameRange     '2.2.4',
30 silly addNameRange     '2.2.5',
30 silly addNameRange     '2.3.0',
30 silly addNameRange     '2.3.1',
30 silly addNameRange     '2.3.2',
30 silly addNameRange     '2.3.3' ] ]
31 verbose addNamed [ 'mocha', '2.3.3' ]
32 verbose addNamed [ '2.3.3', '2.3.3' ]
33 silly lockFile 6a81196a-mocha-2-3-3 mocha@2.3.3
34 verbose lock mocha@2.3.3 /Users/knitintenali/.npm/6a81196a-mocha-2-3-3.lock
35 silly lockFile 6a81196a-mocha-2-3-3 mocha@2.3.3
36 silly lockFile 6a81196a-mocha-2-3-3 mocha@2.3.3
37 silly lockFile b9899f31-mocha mocha@
38 silly lockFile b9899f31-mocha mocha@
39 silly resolved [ { name: 'mocha',
39 silly resolved     version: '2.3.3',
39 silly resolved     description: 'simple, flexible, fun test framework',
39 silly resolved     keywords: [ 'mocha', 'test', 'bdd', 'tdd', 'tap' ],
39 silly resolved     author: { name: 'TJ Holowaychuk', email: 'tj@vision-media.ca' },
39 silly resolved     contributors:
39 silly resolved      [ [Object],
39 silly resolved        [Object],
39 silly resolved        [Object],
39 silly resolved        [Object],
39 silly resolved        [Object],
39 silly resolved        [Object],
39 silly resolved        [Object],
39 silly resolved        [Object],
39 silly resolved        [Object],
39 silly resolved        [Object],
39 silly resolved        [Object],
39 silly resolved        [Object],
39 silly resolved        [Object],
39 silly resolved        [Object],
39 silly resolved        [Object],
39 silly resolved        [Object],
39 silly resolved        [Object],
39 silly resolved        [Object],
39 silly resolved        [Object],
39 silly resolved        [Object],
39 silly resolved        [Object],
39 silly resolved        [Object],
39 silly resolved        [Object],
39 silly resolved        [Object],
39 silly resolved        [Object],
39 silly resolved        [Object],
39 silly resolved        [Object],
39 silly resolved        [Object],
39 silly resolved        [Object],
39 silly resolved        [Object],
39 silly resolved        [Object],
39 silly resolved        [Object],
39 silly resolved        [Object],
39 silly resolved        [Object],
39 silly resolved        [Object],
39 silly resolved        [Object],
39 silly resolved        [Object],
39 silly resolved        [Object],
39 silly resolved        [Object],
39 silly resolved        [Object],
39 silly resolved        [Object],
39 silly resolved        [Object],
39 silly resolved        [Object],
39 silly resolved        [Object],
39 silly resolved        [Object],
39 silly resolved        [Object],
39 silly resolved        [Object],
39 silly resolved        [Object],
39 silly resolved        [Object],
39 silly resolved        [Object],
39 silly resolved        [Object],
39 silly resolved        [Object],
39 silly resolved        [Object],
39 silly resolved        [Object],
39 silly resolved        [Object],
39 silly resolved        [Object],
39 silly resolved        [Object],
39 silly resolved        [Object],
39 silly resolved        [Object],
39 silly resolved        [Object],
39 silly resolved        [Object],
39 silly resolved        [Object],
39 silly resolved        [Object],
39 silly resolved        [Object],
39 silly resolved        [Object],
39 silly resolved        [Object],
39 silly resolved        [Object],
39 silly resolved        [Object],
39 silly resolved        [Object],
39 silly resolved        [Object],
39 silly resolved        [Object],
39 silly resolved        [Object],
39 silly resolved        [Object],
39 silly resolved        [Object],
39 silly resolved        [Object],
39 silly resolved        [Object],
39 silly resolved        [Object],
39 silly resolved        [Object],
39 silly resolved        [Object],
39 silly resolved        [Object],
39 silly resolved        [Object],
39 silly resolved        [Object],
39 silly resolved        [Object],
39 silly resolved        [Object],
39 silly resolved        [Object],
39 silly resolved        [Object],
39 silly resolved        [Object],
39 silly resolved        [Object],
39 silly resolved        [Object],
39 silly resolved        [Object],
39 silly resolved        [Object],
39 silly resolved        [Object],
39 silly resolved        [Object],
39 silly resolved        [Object],
39 silly resolved        [Object],
39 silly resolved        [Object],
39 silly resolved        [Object],
39 silly resolved        [Object],
39 silly resolved        [Object],
39 silly resolved        [Object],
39 silly resolved        [Object],
39 silly resolved        [Object],
39 silly resolved        [Object],
39 silly resolved        [Object],
39 silly resolved        [Object],
39 silly resolved        [Object],
39 silly resolved        [Object],
39 silly resolved        [Object],
39 silly resolved        [Object],
39 silly resolved        [Object],
39 silly resolved        [Object],
39 silly resolved        [Object],
39 silly resolved        [Object],
39 silly resolved        [Object],
39 silly resolved        [Object],
39 silly resolved        [Object],
39 silly resolved        [Object],
39 silly resolved        [Object],
39 silly resolved        [Object],
39 silly resolved        [Object],
39 silly resolved        [Object],
39 silly resolved        [Object],
39 silly resolved        [Object],
39 silly resolved        [Object],
39 silly resolved        [Object],
39 silly resolved        [Object],
39 silly resolved        [Object],
39 silly resolved        [Object],
39 silly resolved        [Object],
39 silly resolved        [Object],
39 silly resolved        [Object],
39 silly resolved        [Object],
39 silly resolved        [Object],
39 silly resolved        [Object],
39 silly resolved        [Object],
39 silly resolved        [Object],
39 silly resolved        [Object],
39 silly resolved        [Object],
39 silly resolved        [Object],
39 silly resolved        [Object],
39 silly resolved        [Object],
39 silly resolved        [Object],
39 silly resolved        [Object],
39 silly resolved        [Object],
39 silly resolved        [Object],
39 silly resolved        [Object],
39 silly resolved        [Object],
39 silly resolved        [Object],
39 silly resolved        [Object],
39 silly resolved        [Object],
39 silly resolved        [Object],
39 silly resolved        [Object],
39 silly resolved        [Object],
39 silly resolved        [Object],
39 silly resolved        [Object],
39 silly resolved        [Object],
39 silly resolved        [Object],
39 silly resolved        [Object],
39 silly resolved        [Object],
39 silly resolved        [Object],
39 silly resolved        [Object],
39 silly resolved        [Object],
39 silly resolved        [Object],
39 silly resolved        [Object],
39 silly resolved        [Object],
39 silly resolved        [Object],
39 silly resolved        [Object],
39 silly resolved        [Object],
39 silly resolved        [Object],
39 silly resolved        [Object],
39 silly resolved        [Object],
39 silly resolved        [Object],
39 silly resolved        [Object],
39 silly resolved        [Object],
39 silly resolved        [Object],
39 silly resolved        [Object],
39 silly resolved        [Object],
39 silly resolved        [Object],
39 silly resolved        [Object],
39 silly resolved        [Object],
39 silly resolved        [Object],
39 silly resolved        [Object],
39 silly resolved        [Object],
39 silly resolved        [Object],
39 silly resolved        [Object],
39 silly resolved        [Object],
39 silly resolved        [Object],
39 silly resolved        [Object],
39 silly resolved        [Object],
39 silly resolved        [Object],
39 silly resolved        [Object],
39 silly resolved        [Object],
39 silly resolved        [Object],
39 silly resolved        [Object],
39 silly resolved        [Object],
39 silly resolved        [Object],
39 silly resolved        [Object],
39 silly resolved        [Object],
39 silly resolved        [Object],
39 silly resolved        [Object],
39 silly resolved        [Object],
39 silly resolved        [Object],
39 silly resolved        [Object],
39 silly resolved        [Object],
39 silly resolved        [Object],
39 silly resolved        [Object],
39 silly resolved        [Object],
39 silly resolved        [Object],
39 silly resolved        [Object],
39 silly resolved        [Object],
39 silly resolved        [Object],
39 silly resolved        [Object],
39 silly resolved        [Object],
39 silly resolved        [Object],
39 silly resolved        [Object],
39 silly resolved        [Object],
39 silly resolved        [Object],
39 silly resolved        [Object],
39 silly resolved        [Object],
39 silly resolved        [Object],
39 silly resolved        [Object],
39 silly resolved        [Object],
39 silly resolved        [Object],
39 silly resolved        [Object],
39 silly resolved        [Object],
39 silly resolved        [Object],
39 silly resolved        [Object],
39 silly resolved        [Object],
39 silly resolved        [Object],
39 silly resolved        [Object],
39 silly resolved        [Object],
39 silly resolved        [Object],
39 silly resolved        [Object],
39 silly resolved        [Object],
39 silly resolved        [Object],
39 silly resolved        [Object],
39 silly resolved        [Object],
39 silly resolved        [Object],
39 silly resolved        [Object],
39 silly resolved        [Object] ],
39 silly resolved     license: 'MIT',
39 silly resolved     repository: { type: 'git', url: 'git://github.com/mochajs/mocha.git' },
39 silly resolved     maintainers: [ [Object], [Object], [Object], [Object] ],
39 silly resolved     main: './index',
39 silly resolved     bin: { mocha: './bin/mocha', _mocha: './bin/_mocha' },
39 silly resolved     engines: { node: '>= 0.8.x' },
39 silly resolved     scripts: { test: 'make test-all' },
39 silly resolved     dependencies:
39 silly resolved      { commander: '2.3.0',
39 silly resolved        debug: '2.0.0',
39 silly resolved        diff: '1.4.0',
39 silly resolved        'escape-string-regexp': '1.0.2',
39 silly resolved        glob: '3.2.3',
39 silly resolved        growl: '1.8.1',
39 silly resolved        jade: '0.26.3',
39 silly resolved        mkdirp: '0.5.0',
39 silly resolved        'supports-color': '1.2.0' },
39 silly resolved     devDependencies:
39 silly resolved      { 'browser-stdout': '^1.2.0',
39 silly resolved        browserify: '10.2.4',
39 silly resolved        'coffee-script': '~1.8.0',
39 silly resolved        eslint: '^1.2.1',
39 silly resolved        should: '~4.0.0',
39 silly resolved        through2: '~0.6.5' },
39 silly resolved     files:
39 silly resolved      [ 'bin',
39 silly resolved        'images',
39 silly resolved        'lib',
39 silly resolved        'index.js',
39 silly resolved        'mocha.css',
39 silly resolved        'mocha.js',
39 silly resolved        'LICENSE' ],
39 silly resolved     browser:
39 silly resolved      { debug: './lib/browser/debug.js',
39 silly resolved        events: './lib/browser/events.js',
39 silly resolved        tty: './lib/browser/tty.js' },
39 silly resolved     licenses: [ [Object] ],
39 silly resolved     gitHead: 'c4393c456839d6bf2cbb4abb1cd177010ee06458',
39 silly resolved     bugs: { url: 'https://github.com/mochajs/mocha/issues' },
39 silly resolved     homepage: 'https://github.com/mochajs/mocha#readme',
39 silly resolved     _id: 'mocha@2.3.3',
39 silly resolved     _shasum: '79ec42f408e6af2670f7c3666f64a085f258a93b',
39 silly resolved     _from: 'mocha@',
39 silly resolved     _npmVersion: '2.14.2',
39 silly resolved     _nodeVersion: '4.0.0',
39 silly resolved     _npmUser: { name: 'boneskull', email: 'chiller@badwing.com' },
39 silly resolved     dist:
39 silly resolved      { shasum: '96488c49bfd71d86a518cb941e291a83f48d8856',
39 silly resolved        tarball: 'http://registry.npmjs.org/mocha/-/mocha-2.3.3.tgz' },
39 silly resolved     directories: {},
39 silly resolved     _resolved: 'https://registry.npmjs.org/mocha/-/mocha-2.3.3.tgz',
39 silly resolved     readme: '[![Build Status](https://api.travis-ci.org/mochajs/mocha.svg?branch=master)](http://travis-ci.org/mochajs/mocha) [![Gitter](https://badges.gitter.im/Join%20Chat.svg)](https://gitter.im/mochajs/mocha?utm_source=badge&utm_medium=badge&utm_campaign=pr-badge&utm_content=badge)\n\n  [![Mocha test framework](http://f.cl.ly/items/3l1k0n2A1U3M1I1L210p/Screen%20Shot%202012-02-24%20at%202.21.43%20PM.png)](http://mochajs.org)\n\n  Mocha is a simple, flexible, fun JavaScript test framework for node.js and the browser. For more information view the [documentation](http://mochajs.org).\n\n## Links\n\n  - [Google Group](http://groups.google.com/group/mochajs)\n  - [Wiki](https://github.com/mochajs/mocha/wiki)\n  - Mocha [Extensions and reporters](https://github.com/mochajs/mocha/wiki)\n',
39 silly resolved     readmeFilename: 'README.md' } ]
40 info install mocha@2.3.3 into /usr/local/lib
41 info installOne mocha@2.3.3
42 verbose lib/node_modules/mocha unbuild
43 verbose tar unpack /Users/knitintenali/.npm/mocha/2.3.3/package.tgz
44 silly lockFile 746f3f6f-usr-local-lib-node-modules-mocha tar:///usr/local/lib/node_modules/mocha
45 verbose lock tar:///usr/local/lib/node_modules/mocha /Users/knitintenali/.npm/746f3f6f-usr-local-lib-node-modules-mocha.lock
46 silly lockFile 2be88ef9-nali-npm-mocha-2-3-3-package-tgz tar:///Users/knitintenali/.npm/mocha/2.3.3/package.tgz
47 verbose lock tar:///Users/knitintenali/.npm/mocha/2.3.3/package.tgz /Users/knitintenali/.npm/2be88ef9-nali-npm-mocha-2-3-3-package-tgz.lock
48 silly gunzTarPerm modes [ '755', '644' ]
49 error Error: EACCES, mkdir '/usr/local/lib/node_modules/mocha'
49 error  { [Error: EACCES, mkdir '/usr/local/lib/node_modules/mocha']
49 error   errno: 3,
49 error   code: 'EACCES',
49 error   path: '/usr/local/lib/node_modules/mocha',
49 error   fstream_type: 'Directory',
49 error   fstream_path: '/usr/local/lib/node_modules/mocha',
49 error   fstream_class: 'DirWriter',
49 error   fstream_stack:
49 error    [ '/usr/local/lib/node_modules/npm/node_modules/fstream/lib/dir-writer.js:36:23',
49 error      '/usr/local/lib/node_modules/npm/node_modules/mkdirp/index.js:46:53',
49 error      'Object.oncomplete (fs.js:108:15)' ] }
50 error Please try running this command again as root/Administrator.
51 error System Darwin 13.4.0
52 error command "node" "/usr/local/bin/npm" "install" "mocha" "-g"
53 error cwd /Users/knitintenali/jt4
54 error node -v v0.10.36
55 error npm -v 1.4.28
56 error path /usr/local/lib/node_modules/mocha
57 error fstream_path /usr/local/lib/node_modules/mocha
58 error fstream_type Directory
59 error fstream_class DirWriter
60 error code EACCES
61 error errno 3
62 error stack Error: EACCES, mkdir '/usr/local/lib/node_modules/mocha'
63 error fstream_stack /usr/local/lib/node_modules/npm/node_modules/fstream/lib/dir-writer.js:36:23
63 error fstream_stack /usr/local/lib/node_modules/npm/node_modules/mkdirp/index.js:46:53
63 error fstream_stack Object.oncomplete (fs.js:108:15)
64 verbose exit [ 3, true ]
